
> cli-tools-py@1.0.0 build /app/libs/python/cli-tools
> poetry install

Traceback (most recent call last):
  File "/home/jules/.local/bin/poetry", line 5, in <module>
    from poetry.console.application import main
  File "/home/jules/.local/share/pipx/venvs/poetry/lib/python3.12/site-packages/poetry/console/application.py", line 26, in <module>
    from poetry.utils.helpers import directory
  File "/home/jules/.local/share/pipx/venvs/poetry/lib/python3.12/site-packages/poetry/utils/helpers.py", line 27, in <module>
    from poetry.utils.authenticator import get_default_authenticator
  File "/home/jules/.local/share/pipx/venvs/poetry/lib/python3.12/site-packages/poetry/utils/authenticator.py", line 21, in <module>
    from requests_toolbelt import user_agent
  File "/home/jules/.local/share/pipx/venvs/poetry/lib/python3.12/site-packages/requests_toolbelt/__init__.py", line 14, in <module>
    from .multipart import (
  File "/home/jules/.local/share/pipx/venvs/poetry/lib/python3.12/site-packages/requests_toolbelt/multipart/__init__.py", line 11, in <module>
    from .encoder import MultipartEncoder, MultipartEncoderMonitor
  File "/home/jules/.local/share/pipx/venvs/poetry/lib/python3.12/site-packages/requests_toolbelt/multipart/encoder.py", line 13, in <module>
    from uuid import uuid4
  File "<frozen importlib._bootstrap>", line 1360, in _find_and_load
  File "<frozen importlib._bootstrap>", line 1331, in _find_and_load_unlocked
  File "<frozen importlib._bootstrap>", line 935, in _load_unlocked
  File "<frozen importlib._bootstrap_external>", line 991, in exec_module
  File "<frozen importlib._bootstrap_external>", line 1087, in get_code
  File "<frozen importlib._bootstrap_external>", line 1187, in get_data
KeyboardInterrupt
